H:\Computer Aided Design\BasePlate#1.dwg,Model,9/22/2016 8:24:04 AM,jack.margeson,\\print0\HS-B105,Letter,1:1.68758,
H:\Computer Aided Design\SBorder.dwg,Model,9/22/2016 8:58:11 AM,jack.margeson,\\print0\HS-B105,Letter,1:1.6876,
H:\Computer Aided Design\Shim#1.dwg,Model,9/22/2016 8:59:30 AM,jack.margeson,\\print0\HS-B105,Letter,1:1.6876,
H:\Computer Aided Design\PlaneFigure#3.dwg,Model,9/23/2016 8:56:15 AM,jack.margeson,\\print0\HS-B105,Letter,1:1.68771,
H:\Computer Aided Design\PlaneFigure#4.dwg,Model,9/27/2016 8:44:52 AM,jack.margeson,\\print0\HS-B105,Letter,1:1.68756,
H:\Computer Aided Design\AdjustingArm#5.dwg,Model,9/28/2016 8:14:38 AM,jack.margeson,\\print0\HS-B105,Letter,1:1.68772,
H:\Computer Aided Design\KeyPlate#6.dwg,Model,9/29/2016 8:31:29 AM,jack.margeson,\\print0\HS-B105,Letter,1:1.6876,
H:\Computer Aided Design\Gasket#7.dwg,Model,9/29/2016 8:53:08 AM,jack.margeson,\\print0\HS-B105,Letter,1:1.68757,
H:\Computer Aided Design\SlottedCam#8.dwg,Model,9/30/2016 8:35:46 AM,jack.margeson,\\print0\HS-B105,Letter,1:42.1901,
H:\Computer Aided Design\Gasket#9.dwg,Model,9/30/2016 8:43:17 AM,jack.margeson,\\print0\HS-B105,Letter,1:42.1901,
H:\Computer Aided Design\Clock#10.dwg,Model,10/5/2016 8:34:41 AM,jack.margeson,\\print0\HS-B105,Letter,1:1.68787,
H:\Computer Aided Design\Template#T1.dwg,Model,10/6/2016 8:52:16 AM,jack.margeson,\\print0\HS-B105,Letter,1:1.68771,
H:\Computer Aided Design\Template#11.dwg,Model,10/12/2016 8:04:00 AM,jack.margeson,\\print0\HS-B105,Letter,1:1.68771,
H:\Computer Aided Design\Gasket#14.dwg,Model,10/12/2016 8:15:12 AM,jack.margeson,\\print0\HS-B105,Letter,1:1.6876,
H:\Computer Aided Design\ConveyorLink#12.dwg,Model,10/13/2016 8:45:33 AM,jack.margeson,\\print0\HS-B105,Letter,1:1.6876,
H:\Computer Aided Design\ConveyorLink#12.dwg,Model,10/13/2016 8:46:33 AM,jack.margeson,\\print0\HS-B105,Letter,1:1.6876,
H:\Computer Aided Design\CoverPlate#13.dwg,Model,10/17/2016 8:20:50 AM,jack.margeson,\\print0\HS-B105,Letter,1:1.68771,
H:\Computer Aided Design\BuickTransmissionGasket#15.dwg,Model,10/18/2016 8:34:56 AM,jack.margeson,\\print0\HS-B105,Letter,1:1.68949,
H:\Computer Aided Design\QuadrantForLathe#16.dwg,Model,10/20/2016 8:21:07 AM,jack.margeson,\\print0\HS-B105,Letter,1:42.1922,
H:\Computer Aided Design\BuickTransmissionGasket#15.dwg,Model,10/20/2016 8:22:21 AM,jack.margeson,\\print0\HS-B105,Letter,1:1.68766,
H:\Computer Aided Design\HexWrench#17.dwg,Model,10/20/2016 8:44:59 AM,jack.margeson,\\print0\HS-B105,Letter,1:42.1901,
H:\Computer Aided Design\Template#T2.dwg,Model,10/21/2016 8:38:40 AM,jack.margeson,\\print0\HS-B105,Letter,1:1.6876,
H:\Computer Aided Design\ShaftSupport#T3.dwg,Model,10/21/2016 8:54:49 AM,jack.margeson,\\print0\HS-B105,Letter,1:1.6876,
H:\Computer Aided Design\Template#18.dwg,Model,10/24/2016 8:25:18 AM,jack.margeson,\\print0\HS-B105,Letter,1:1.6876,
H:\Computer Aided Design\FanBase#20.dwg,Model,10/24/2016 8:36:21 AM,jack.margeson,\\print0\HS-B105,Letter,1:42.1901,
H:\Computer Aided Design\AdjustableFork#19.dwg,Model,10/24/2016 8:49:46 AM,jack.margeson,\\print0\HS-B105,Letter,1:1.6876,
H:\Computer Aided Design\ORing#21.dwg,Model,10/26/2016 8:19:43 AM,jack.margeson,\\print0\HS-B105,Letter,1:1.6876,
H:\Computer Aided Design\Pillars#22.dwg,Model,10/27/2016 8:34:39 AM,jack.margeson,\\print0\HS-B105,Letter,1:42.1928,
H:\Computer Aided Design\EllipticalCam#23.dwg,Model,10/28/2016 8:50:29 AM,jack.margeson,\\print0\HS-B105,Letter,1:1.6876,
H:\Computer Aided Design\TangencyA#24.dwg,Model,11/1/2016 8:45:43 AM,jack.margeson,\\print0\HS-B105,Letter,1:1.6876,
H:\Computer Aided Design\ArrrayB#25.dwg,Model,11/2/2016 8:09:54 AM,jack.margeson,\\print0\HS-B105,Letter,1:1.6876,
H:\Computer Aided Design\pokemoncad.dwg,Model,11/3/2016 8:56:38 AM,jack.margeson,\\Print0\HS-B105-Color,Letter,1:1.6875,
H:\Computer Aided Design\pokemoncad.dwg,Model,11/3/2016 8:57:43 AM,jack.margeson,\\Print0\HS-B105-Color,Letter,1:1.6876,
H:\Computer Aided Design\ConnectorD#27.dwg,Model,11/4/2016 8:45:48 AM,jack.margeson,\\print0\HS-B105,Letter,1:42.1875,
H:\Computer Aided Design\pokemoncad.dwg,Model,11/4/2016 8:55:18 AM,jack.margeson,\\Print0\HS-B105-Color,Letter,1:1.68771,
H:\Computer Aided Design\SpacerE#T4.dwg,Model,11/7/2016 8:27:23 AM,jack.margeson,\\print0\HS-B105,Letter,1:42.1901,
H:\Computer Aided Design\GasketF#T5.dwg,Model,11/7/2016 8:34:06 AM,jack.margeson,\\print0\HS-B105,Letter,1:1.68843,
H:\Computer Aided Design\ClampBlock#29.dwg,Model,11/10/2016 8:26:36 AM,jack.margeson,\\print0\HS-B105,Letter,1:1.68843,
H:\Computer Aided Design\ClampBlock#29.dwg,Model,11/10/2016 8:33:55 AM,jack.margeson,\\print0\HS-B105,Letter,1:1.6876,
H:\Computer Aided Design\ClampBlock#29.dwg,Model,11/10/2016 8:35:10 AM,jack.margeson,\\print0\HS-B105,Letter,1:1.6876,
H:\Computer Aided Design\ClampBlock#29.dwg,Model,11/10/2016 8:38:17 AM,jack.margeson,\\print0\HS-B105,Letter,1:1.6876,
H:\Computer Aided Design\GuideBlock#29.dwg,Model,11/11/2016 8:28:34 AM,jack.margeson,\\print0\HS-B105,Letter,1:1.6876,
H:\Computer Aided Design\BearingPlate#30.dwg,Model,11/16/2016 7:54:30 AM,jack.margeson,\\print0\HS-B105,Letter,1:42.192,
H:\Computer Aided Design\BearingPlate#30.dwg,Model,11/16/2016 7:55:14 AM,jack.margeson,\\print0\HS-B105,Letter,1:42.192,
H:\Computer Aided Design\BearingPlate#30.dwg,Model,11/16/2016 7:57:55 AM,jack.margeson,\\print0\HS-B105,Letter,1:42.192,
H:\Computer Aided Design\GuideBearing#T6.dwg,Model,11/17/2016 8:44:54 AM,jack.margeson,\\print0\HS-B105,Letter,1:1.6876,
H:\Computer Aided Design\CrossBase#31.dwg,Model,11/17/2016 8:59:52 AM,jack.margeson,\\print0\HS-B105,Letter,1:42.1927,
H:\Computer Aided Design\StartingCatch#32.dwg,Model,11/18/2016 8:41:33 AM,jack.margeson,\\print0\HS-B105,Letter,1:42.1901,
H:\Computer Aided Design\BookEnd#33.dwg,Model,11/28/2016 8:30:44 AM,jack.margeson,\\print0\HS-B105,Letter,1:1.68795,
H:\Computer Aided Design\BookEnd#33.dwg,Model,11/28/2016 8:39:57 AM,jack.margeson,\\print0\HS-B105,Letter,1:1.68766,
H:\Computer Aided Design\DovetailSlide#34.dwg,Model,11/28/2016 8:57:10 AM,jack.margeson,\\print0\HS-B105,Letter,1:1.6876,
H:\Computer Aided Design\AdjustorBlock#35.dwg,Model,11/30/2016 8:31:47 AM,jack.margeson,\\print0\HS-B105,Letter,1:1.68771,
H:\Computer Aided Design\DovetailSlide#34.dwg,Model,12/1/2016 8:17:27 AM,jack.margeson,\\print0\HS-B105,Letter,1:1.68771,
H:\Computer Aided Design\FlipperDog#36.dwg,Model,12/1/2016 8:54:48 AM,jack.margeson,\\print0\HS-B105,Letter,1:1.6876,
H:\Computer Aided Design\JigBlock#37.dwg,Model,12/6/2016 8:21:53 AM,jack.margeson,\\print0\HS-B105,Letter,1:1.68771,
H:\Computer Aided Design\JigBlock#37.dwg,Model,12/6/2016 8:54:01 AM,jack.margeson,\\print0\HS-B105,Letter,1:1.68755,
H:\Computer Aided Design\SlideBase#38.dwg,Model,12/7/2016 8:15:53 AM,jack.margeson,\\print0\HS-B105,Letter,1:42.1927,
H:\Computer Aided Design\DovetailFinger#T7.dwg,Model,12/8/2016 8:42:34 AM,jack.margeson,\\Print0\HS-B105-Color,Letter,1:1.6876,
H:\Computer Aided Design\GearArray#40.dwg,Model,12/13/2016 8:51:26 AM,jack.margeson,\\Print0\HS-B105-Color,Letter,1:1.68843,
H:\Computer Aided Design\CRT#41.dwg,Model,12/14/2016 8:33:09 AM,jack.margeson,\\Print0\HS-B105-Color,Letter,1:42.1901,
H:\Computer Aided Design\Budget#42.dwg,Model,12/15/2016 8:19:44 AM,jack.margeson,\\Print0\HS-B105-Color,Letter,1:42.1901,
H:\Computer Aided Design\Budget#42.dwg,Model,12/15/2016 8:20:45 AM,jack.margeson,\\Print0\HS-B105-Color,Letter,1:42.1901,
H:\Computer Aided Design\SupportBase#F1.dwg,Model,12/19/2016 9:39:01 AM,jack.margeson,\\Print0\HS-B105-Color,Letter,1:1.6876,
H:\Computer Aided Design\SpurGear#F2.dwg,Model,12/19/2016 10:02:45 AM,jack.margeson,\\Print0\HS-B105-Color,Letter,1:1.68843,
