E:\Computer Aided Design (AutoCAD & NX Ideas)\Adv. AutoCAD 2019\stepsupport#1.dwg,Model,8/23/2019 9:28:55 AM,jack.margeson44,\\Print0\HS-B105-Color,Letter,1:2.02119,
E:\Computer Aided Design (AutoCAD & NX Ideas)\Adv. AutoCAD 2019\cornerblock#2.dwg,Model,8/23/2019 9:41:07 AM,jack.margeson44,\\Print0\HS-B105-Color,Letter,1:42.1914,
E:\Computer Aided Design (AutoCAD & NX Ideas)\Adv. AutoCAD 2019\tbracket#3.dwg,Model,8/23/2019 9:46:06 AM,jack.margeson44,\\Print0\HS-B105-Color,Letter,1:1.84499,
E:\Computer Aided Design (AutoCAD & NX Ideas)\Adv. AutoCAD 2019\anglestep#4.dwg,Model,8/23/2019 9:56:57 AM,jack.margeson44,\\Print0\HS-B105-Color,Letter,1:1.84499,
E:\Computer Aided Design (AutoCAD & NX Ideas)\Adv. AutoCAD 2019\clampblock#5.dwg,Model,8/26/2019 9:08:35 AM,jack.margeson44,\\Print0\HS-B105-Color,Letter,1:1.84499,
E:\Computer Aided Design (AutoCAD & NX Ideas)\Adv. AutoCAD 2019\clampplate#6.dwg,Model,8/26/2019 9:24:45 AM,jack.margeson44,\\Print0\HS-B105-Color,Letter,1:1.84499,
E:\Computer Aided Design (AutoCAD & NX Ideas)\Adv. AutoCAD 2019\bladeholder#8.dwg,Model,8/29/2019 9:24:41 AM,jack.margeson44,\\Print0\HS-B105-Color,Letter,1:1.6876,
E:\Computer Aided Design (AutoCAD & NX Ideas)\Adv. AutoCAD 2019\bearingplate#9.dwg,Model,8/29/2019 9:55:33 AM,jack.margeson44,\\Print0\HS-B105-Color,Letter,1:42.1901,
E:\Computer Aided Design (AutoCAD & NX Ideas)\Adv. AutoCAD 2019\cutterholder#11.dwg,Model,8/30/2019 9:09:37 AM,jack.margeson44,\\Print0\HS-B105-Color,Letter,1:42.1901,
E:\Computer Aided Design (AutoCAD & NX Ideas)\Adv. AutoCAD 2019\startingcatch#12.dwg,Model,8/30/2019 9:22:42 AM,jack.margeson44,\\Print0\HS-B105-Color,Letter,1:42.1901,
E:\Computer Aided Design (AutoCAD & NX Ideas)\Adv. AutoCAD 2019\fixturebase#13.dwg,Model,9/4/2019 8:43:03 AM,jack.margeson44,\\Print0\HS-B105-Color,Letter,1:42.1901,
E:\Computer Aided Design (AutoCAD & NX Ideas)\Adv. AutoCAD 2019\clampplate#6.dwg,Model,9/5/2019 9:03:15 AM,jack.margeson44,\\Print0\HS-B105-Color,Letter,1:1.68771,
E:\Computer Aided Design (AutoCAD & NX Ideas)\Adv. AutoCAD 2019\bedplate#14.dwg,Model,9/5/2019 9:19:24 AM,jack.margeson44,\\Print0\HS-B105-Color,Letter,1:42.1901,
E:\Computer Aided Design (AutoCAD & NX Ideas)\Adv. AutoCAD (2019)\bookend#15.dwg,Model,9/11/2019 8:42:25 AM,jack.margeson44,\\Print0\HS-B105-Color,Letter,1:1.6876,
E:\AutoCAD Projects\Adv. AutoCAD (2019)\metric.dwg,Model,10/23/2019 8:27:53 AM,jack.margeson44,\\Print0\HS-B105-Color,Letter,1:49.7215,
E:\AutoCAD Projects\Adv. AutoCAD (2019)\metric.dwg,Model,10/23/2019 8:36:51 AM,jack.margeson44,\\Print0\HS-B105-Color,Letter,1:49.7185,
E:\AutoCAD Projects\Adv. AutoCAD (2019)\metric.dwg,Model,10/23/2019 8:38:10 AM,jack.margeson44,\\Print0\HS-B105-Color,Letter,1:49.7245,
E:\AutoCAD Projects\Adv. AutoCAD (2019)\inch.dwg,Model,10/23/2019 8:50:05 AM,jack.margeson44,\\Print0\HS-B105-Color,Letter,1:1.98886,
E:\AutoCAD Projects\Adv. AutoCAD (2019)\anglebracket#37.dwg,Model,10/24/2019 9:14:04 AM,jack.margeson44,\\Print0\HS-B105-Color,Letter,1:1.98886,
E:\AutoCAD Projects\Adv. AutoCAD (2019)\spacer#38.dwg,Model,10/24/2019 9:22:50 AM,jack.margeson44,\\Print0\HS-B105-Color,Letter,1:1.98886,
E:\AutoCAD Projects\Adv. AutoCAD (2019)\spacer#38.dwg,Model,10/24/2019 9:23:58 AM,jack.margeson44,\\Print0\HS-B105-Color,Letter,1:1.98886,
E:\AutoCAD Projects\Adv. AutoCAD (2019)\vblock#36.dwg,Model,10/24/2019 9:29:53 AM,jack.margeson44,\\Print0\HS-B105-Color,Letter,1:1.98886,
E:\AutoCAD Projects\Adv. AutoCAD (2019)\gaugeblock#33.dwg,Model,10/24/2019 9:34:55 AM,jack.margeson44,\\Print0\HS-B105-Color,Letter,1:49.7215,
E:\AutoCAD Projects\Adv. AutoCAD (2019)\stepsupport#39.dwg,Model,10/25/2019 9:00:04 AM,jack.margeson44,\\Print0\HS-B105-Color,Letter,1:1.98886,
E:\AutoCAD Projects\Adv. AutoCAD (2019)\metric.dwg,Model,10/25/2019 9:07:03 AM,jack.margeson44,\\print0\HS-B105,Letter,1:49.7215,
E:\AutoCAD Projects\Adv. AutoCAD (2019)\inch.dwg,Model,10/25/2019 9:13:00 AM,jack.margeson44,\\Print0\HS-B105-Color,Letter,1:1.98886,
E:\AutoCAD Projects\Adv. AutoCAD (2019)\inch.dwg,Model,10/25/2019 9:19:36 AM,jack.margeson44,\\Print0\HS-B105-Color,Letter,1:1.98886,
E:\AutoCAD Projects\Adv. AutoCAD (2019)\inch.dwg,Model,10/30/2019 8:24:54 AM,jack.margeson44,\\Print0\HS-B105-Color,Letter,1:2.06688,
E:\AutoCAD Projects\Adv. AutoCAD (2019)\guideblock#45.dwg,Model,10/31/2019 9:18:39 AM,jack.margeson44,\\Print0\HS-B105-Color,Letter,1:1.98886,
E:\AutoCAD Projects\Adv. AutoCAD (2019)\bladeholder#46.dwg,Model,10/31/2019 9:32:33 AM,jack.margeson44,\\Print0\HS-B105-Color,Letter,1:1.98886,
E:\AutoCAD Projects\Adv. AutoCAD (2019)\bladeholder#46.dwg,Model,10/31/2019 9:36:57 AM,jack.margeson44,\\Print0\HS-B105-Color,Letter,1:1.98886,
